* Log file for the circuit circuit_7.bench.
* Number of faults detected by each test pattern:

test    1: 10111 1    2 faults detected
test    2: 11010 0    2 faults detected
test    3: 00011 0    2 faults detected
test    4: 11011 1    1 faults detected
test    5: 01101 0    2 faults detected
test    6: 10001 0    1 faults detected

End of test pattern generation.

*********************************************************
*                                                       *
*          Welcome to atalanta (version 2.0)            *
*                                                       *
*                 Dong S. Ha (ha@vt.edu)                *
*      Web: http://www.visc.vt.edu/people/ha            *
*   Virginia Polytechnic Institute & State University   *
*                                                       *
*********************************************************

******   SUMMARY OF TEST PATTERN GENERATION RESULTS   ******
1. Circuit structure
   Name of the circuit                       : circuit_7
   Number of primary inputs                  : 5
   Number of primary outputs                 : 1
   Number of gates                           : 4
   Level of the circuit                      : 3

2. ATPG parameters
   Test pattern generation mode              : RPT + DTPG + TC
   Limit of random patterns (packets)        : 16
   Backtrack limit                           : 10
   Initial random number generator seed      : 1681987799
   Test pattern compaction mode              : REVERSE + SHUFFLE 
   Limit of suffling compaction              : 2
   Number of shuffles                        : 4

3. Test pattern generation results
   Number of test patterns before compaction : 7
   Number of test patterns after compaction  : 6
   Fault coverage                            : 100.000 %
   Number of collapsed faults                : 10
   Number of identified redundant faults     : 0
   Number of aborted faults                  : 0
   Total number of backtrackings             : 0

4. Memory used                               : 167895 Kbytes

5. CPU time
   Initialization                            : 0.000 secs
   Fault simulation                          : 0.000 secs
   FAN                                       : 0.000 secs
   Total                                     : 0.000 secs
